[debug] [2021-06-22T13:04:31.655Z] ----------------------------------------------------------------------
[debug] [2021-06-22T13:04:31.658Z] Command:       /usr/local/bin/node /usr/local/bin/firebase emulators:start
[debug] [2021-06-22T13:04:31.658Z] CLI Version:   9.12.1
[debug] [2021-06-22T13:04:31.658Z] Platform:      darwin
[debug] [2021-06-22T13:04:31.658Z] Node Version:  v12.18.0
[debug] [2021-06-22T13:04:31.665Z] Time:          Tue Jun 22 2021 22:04:31 GMT+0900 (Japan Standard Time)
[debug] [2021-06-22T13:04:31.665Z] ----------------------------------------------------------------------
[debug] 
[debug] [2021-06-22T13:04:31.673Z] > command requires scopes: ["email","openid","https://www.googleapis.com/auth/cloudplatformprojects.readonly","https://www.googleapis.com/auth/firebase","https://www.googleapis.com/auth/cloud-platform"]
[debug] [2021-06-22T13:04:31.674Z] > authorizing via signed-in user (snz0901@gmail.com)
[info] i  emulators: Starting emulators: functions, hosting {"metadata":{"emulator":{"name":"hub"},"message":"Starting emulators: functions, hosting"}}
[debug] [2021-06-22T13:04:31.692Z] [hub] writing locator at /var/folders/nm/j922k5_x6tv9z7b8735tqcmw0000gn/T/hub-tyukyu-ex.json
[warn] ⚠  functions: The following emulators are not running, calls to these services from the Functions emulator will affect production: auth, firestore, database, pubsub, storage {"metadata":{"emulator":{"name":"functions"},"message":"The following emulators are not running, calls to these services from the Functions emulator will affect production: \u001b[1mauth, firestore, database, pubsub, storage\u001b[22m"}}
[warn] ⚠  Your requested "node" version "14" doesn't match your global version "12" {"metadata":{"emulator":{"name":"functions"},"message":"Your requested \"node\" version \"14\" doesn't match your global version \"12\""}}
[debug] [2021-06-22T13:04:31.758Z] defaultcredentials: writing to file /Users/qitengzhanye/.config/firebase/snz0901_gmail_com_application_default_credentials.json
[debug] [2021-06-22T13:04:31.764Z] Setting GAC to /Users/qitengzhanye/.config/firebase/snz0901_gmail_com_application_default_credentials.json {"metadata":{"emulator":{"name":"functions"},"message":"Setting GAC to /Users/qitengzhanye/.config/firebase/snz0901_gmail_com_application_default_credentials.json"}}
[debug] [2021-06-22T13:04:31.766Z] > refreshing access token with scopes: []
[debug] [2021-06-22T13:04:31.766Z] >>> HTTP REQUEST POST https://www.googleapis.com/oauth2/v3/token  
 <request body omitted>
[debug] [2021-06-22T13:04:31.934Z] <<< HTTP RESPONSE 200 {"date":"Tue, 22 Jun 2021 13:04:31 GMT","cache-control":"no-cache, no-store, max-age=0, must-revalidate","expires":"Mon, 01 Jan 1990 00:00:00 GMT","pragma":"no-cache","content-type":"application/json; charset=utf-8","vary":"X-Origin, Referer, Origin,Accept-Encoding","server":"scaffolding on HTTPServer2","x-xss-protection":"0","x-frame-options":"SAMEORIGIN","x-content-type-options":"nosniff","alt-svc":"h3=\":443\"; ma=2592000,h3-29=\":443\"; ma=2592000,h3-T051=\":443\"; ma=2592000,h3-Q050=\":443\"; ma=2592000,h3-Q046=\":443\"; ma=2592000,h3-Q043=\":443\"; ma=2592000,quic=\":443\"; ma=2592000; v=\"46,43\"","accept-ranges":"none","transfer-encoding":"chunked"}
[debug] [2021-06-22T13:04:31.986Z] >>> [apiv2][query] GET https://firebase.googleapis.com/v1beta1/projects/tyukyu-ex/adminSdkConfig [none]
[debug] [2021-06-22T13:04:32.828Z] <<< [apiv2][status] GET https://firebase.googleapis.com/v1beta1/projects/tyukyu-ex/adminSdkConfig 200
[debug] [2021-06-22T13:04:32.828Z] <<< [apiv2][body] GET https://firebase.googleapis.com/v1beta1/projects/tyukyu-ex/adminSdkConfig {"projectId":"tyukyu-ex","storageBucket":"tyukyu-ex.appspot.com"}
[debug] [2021-06-22T13:04:32.859Z] >>> [apiv2][query] GET https://firebasehosting.googleapis.com/v1beta1/projects/tyukyu-ex/sites 
[debug] [2021-06-22T13:04:33.834Z] <<< [apiv2][status] GET https://firebasehosting.googleapis.com/v1beta1/projects/tyukyu-ex/sites 200
[debug] [2021-06-22T13:04:33.834Z] <<< [apiv2][body] GET https://firebasehosting.googleapis.com/v1beta1/projects/tyukyu-ex/sites {"sites":[{"name":"projects/44716951419/sites/tyukyu-ex","defaultUrl":"https://tyukyu-ex.web.app","type":"DEFAULT_SITE"}]}
[debug] [2021-06-22T13:04:33.834Z] >>> [apiv2][query] GET https://firebase.googleapis.com/v1beta1/projects/tyukyu-ex/webApps/-/config [none]
[debug] [2021-06-22T13:04:35.297Z] <<< [apiv2][status] GET https://firebase.googleapis.com/v1beta1/projects/tyukyu-ex/webApps/-/config 200
[debug] [2021-06-22T13:04:35.297Z] <<< [apiv2][body] GET https://firebase.googleapis.com/v1beta1/projects/tyukyu-ex/webApps/-/config {"projectId":"tyukyu-ex","storageBucket":"tyukyu-ex.appspot.com","apiKey":"AIzaSyBE4y-kQjMbQGHkmXkC8GcXHA6XnEPs6Us","authDomain":"tyukyu-ex.firebaseapp.com","messagingSenderId":"44716951419"}
[info] i  hosting: Serving hosting files from: public {"metadata":{"emulator":{"name":"hosting"},"message":"Serving hosting files from: \u001b[1mpublic\u001b[22m"}}
[info] ✔  hosting: Local server: http://localhost:5000 {"metadata":{"emulator":{"name":"hosting"},"message":"Local server: \u001b[4m\u001b[1mhttp://localhost:5000\u001b[22m\u001b[24m"}}
[debug] [2021-06-22T13:04:35.597Z] Ignoring unsupported arg: auto_download {"metadata":{"emulator":{"name":"ui"},"message":"Ignoring unsupported arg: auto_download"}}
[debug] [2021-06-22T13:04:35.598Z] Ignoring unsupported arg: port {"metadata":{"emulator":{"name":"ui"},"message":"Ignoring unsupported arg: port"}}
[debug] [2021-06-22T13:04:35.598Z] Starting Emulator UI with command {"binary":"node","args":["/Users/qitengzhanye/.cache/firebase/emulators/ui-v1.5.0/server.bundle.js"],"optionalArgs":[],"joinArgs":false} {"metadata":{"emulator":{"name":"ui"},"message":"Starting Emulator UI with command {\"binary\":\"node\",\"args\":[\"/Users/qitengzhanye/.cache/firebase/emulators/ui-v1.5.0/server.bundle.js\"],\"optionalArgs\":[],\"joinArgs\":false}"}}
[info] i  ui: Emulator UI logging to ui-debug.log {"metadata":{"emulator":{"name":"ui"},"message":"Emulator UI logging to \u001b[1mui-debug.log\u001b[22m"}}
[debug] [2021-06-22T13:04:35.687Z] Web / API server started at http://localhost:4000
 {"metadata":{"emulator":{"name":"ui"},"message":"Web / API server started at http://localhost:4000\n"}}
[info] i  functions: Watching "/Users/qitengzhanye/Library/Mobile Documents/com~apple~CloudDocs/todo-programming/learning/materials-based/shogo-log/tyukyu-ex/functions" for Cloud Functions... {"metadata":{"emulator":{"name":"functions"},"message":"Watching \"/Users/qitengzhanye/Library/Mobile Documents/com~apple~CloudDocs/todo-programming/learning/materials-based/shogo-log/tyukyu-ex/functions\" for Cloud Functions..."}}
[debug] [2021-06-22T13:04:35.867Z] [worker-pool] addWorker(~diagnostic~) {"metadata":{"emulator":{"name":"functions"},"message":"[worker-pool] addWorker(~diagnostic~)"}}
[debug] [2021-06-22T13:04:35.867Z] [worker-pool] Adding worker with key ~diagnostic~, total=1 {"metadata":{"emulator":{"name":"functions"},"message":"[worker-pool] Adding worker with key ~diagnostic~, total=1"}}
[debug] [2021-06-22T13:04:35.867Z] [worker-pool] submitWork(triggerId=) {"metadata":{"emulator":{"name":"functions"},"message":"[worker-pool] submitWork(triggerId=)"}}
[debug] [2021-06-22T13:04:35.868Z] [worker-~diagnostic~-4a2321f2-ebb3-4c0a-ade7-2c4392e935ff]: Assigning socketPath: /var/folders/nm/j922k5_x6tv9z7b8735tqcmw0000gn/T/fire_emu_2344.sock {"metadata":{"emulator":{"name":"functions"},"message":"[worker-~diagnostic~-4a2321f2-ebb3-4c0a-ade7-2c4392e935ff]: Assigning socketPath: /var/folders/nm/j922k5_x6tv9z7b8735tqcmw0000gn/T/fire_emu_2344.sock"}}
[debug] [2021-06-22T13:04:35.868Z] [worker-~diagnostic~-4a2321f2-ebb3-4c0a-ade7-2c4392e935ff]: BUSY {"metadata":{"emulator":{"name":"functions"},"message":"[worker-~diagnostic~-4a2321f2-ebb3-4c0a-ade7-2c4392e935ff]: BUSY"}}
[debug] [2021-06-22T13:04:36.055Z] [runtime-status] [2344] Functions runtime initialized. {"cwd":"/Users/qitengzhanye/Library/Mobile Documents/com~apple~CloudDocs/todo-programming/learning/materials-based/shogo-log/tyukyu-ex/functions","node_version":"12.18.0"} {"metadata":{"emulator":{"name":"functions"},"message":"[runtime-status] [2344] Functions runtime initialized. {\"cwd\":\"/Users/qitengzhanye/Library/Mobile Documents/com~apple~CloudDocs/todo-programming/learning/materials-based/shogo-log/tyukyu-ex/functions\",\"node_version\":\"12.18.0\"}"}}
[debug] [2021-06-22T13:04:36.055Z] [runtime-status] [2344] Disabled runtime features: undefined {"metadata":{"emulator":{"name":"functions"},"message":"[runtime-status] [2344] Disabled runtime features: undefined"}}
[debug] [2021-06-22T13:04:36.055Z] [runtime-status] [2344] Resolved module firebase-admin {"declared":true,"installed":true,"version":"9.9.0","resolution":"/Users/qitengzhanye/Library/Mobile Documents/com~apple~CloudDocs/todo-programming/learning/materials-based/shogo-log/tyukyu-ex/functions/node_modules/firebase-admin/lib/index.js"} {"metadata":{"emulator":{"name":"functions"},"message":"[runtime-status] [2344] Resolved module firebase-admin {\"declared\":true,\"installed\":true,\"version\":\"9.9.0\",\"resolution\":\"/Users/qitengzhanye/Library/Mobile Documents/com~apple~CloudDocs/todo-programming/learning/materials-based/shogo-log/tyukyu-ex/functions/node_modules/firebase-admin/lib/index.js\"}"}}
[debug] [2021-06-22T13:04:36.056Z] [runtime-status] [2344] Resolved module firebase-functions {"declared":true,"installed":true,"version":"3.14.1","resolution":"/Users/qitengzhanye/Library/Mobile Documents/com~apple~CloudDocs/todo-programming/learning/materials-based/shogo-log/tyukyu-ex/functions/node_modules/firebase-functions/lib/index.js"} {"metadata":{"emulator":{"name":"functions"},"message":"[runtime-status] [2344] Resolved module firebase-functions {\"declared\":true,\"installed\":true,\"version\":\"3.14.1\",\"resolution\":\"/Users/qitengzhanye/Library/Mobile Documents/com~apple~CloudDocs/todo-programming/learning/materials-based/shogo-log/tyukyu-ex/functions/node_modules/firebase-functions/lib/index.js\"}"}}
[debug] [2021-06-22T13:04:36.056Z] [runtime-status] [2344] Resolved module firebase-functions {"declared":true,"installed":true,"version":"3.14.1","resolution":"/Users/qitengzhanye/Library/Mobile Documents/com~apple~CloudDocs/todo-programming/learning/materials-based/shogo-log/tyukyu-ex/functions/node_modules/firebase-functions/lib/index.js"} {"metadata":{"emulator":{"name":"functions"},"message":"[runtime-status] [2344] Resolved module firebase-functions {\"declared\":true,\"installed\":true,\"version\":\"3.14.1\",\"resolution\":\"/Users/qitengzhanye/Library/Mobile Documents/com~apple~CloudDocs/todo-programming/learning/materials-based/shogo-log/tyukyu-ex/functions/node_modules/firebase-functions/lib/index.js\"}"}}
[debug] [2021-06-22T13:04:36.056Z] [runtime-status] [2344] Outgoing network have been stubbed. [{"name":"http","status":"mocked"},{"name":"http","status":"mocked"},{"name":"https","status":"mocked"},{"name":"https","status":"mocked"},{"name":"net","status":"mocked"}] {"metadata":{"emulator":{"name":"functions"},"message":"[runtime-status] [2344] Outgoing network have been stubbed. [{\"name\":\"http\",\"status\":\"mocked\"},{\"name\":\"http\",\"status\":\"mocked\"},{\"name\":\"https\",\"status\":\"mocked\"},{\"name\":\"https\",\"status\":\"mocked\"},{\"name\":\"net\",\"status\":\"mocked\"}]"}}
[debug] [2021-06-22T13:04:36.056Z] [runtime-status] [2344] Resolved module firebase-functions {"declared":true,"installed":true,"version":"3.14.1","resolution":"/Users/qitengzhanye/Library/Mobile Documents/com~apple~CloudDocs/todo-programming/learning/materials-based/shogo-log/tyukyu-ex/functions/node_modules/firebase-functions/lib/index.js"} {"metadata":{"emulator":{"name":"functions"},"message":"[runtime-status] [2344] Resolved module firebase-functions {\"declared\":true,\"installed\":true,\"version\":\"3.14.1\",\"resolution\":\"/Users/qitengzhanye/Library/Mobile Documents/com~apple~CloudDocs/todo-programming/learning/materials-based/shogo-log/tyukyu-ex/functions/node_modules/firebase-functions/lib/index.js\"}"}}
[debug] [2021-06-22T13:04:36.113Z] [runtime-status] [2344] Checked functions.config() {"config":{}} {"metadata":{"emulator":{"name":"functions"},"message":"[runtime-status] [2344] Checked functions.config() {\"config\":{}}"}}
[debug] [2021-06-22T13:04:36.113Z] [runtime-status] [2344] firebase-functions has been stubbed. {"functionsResolution":{"declared":true,"installed":true,"version":"3.14.1","resolution":"/Users/qitengzhanye/Library/Mobile Documents/com~apple~CloudDocs/todo-programming/learning/materials-based/shogo-log/tyukyu-ex/functions/node_modules/firebase-functions/lib/index.js"}} {"metadata":{"emulator":{"name":"functions"},"message":"[runtime-status] [2344] firebase-functions has been stubbed. {\"functionsResolution\":{\"declared\":true,\"installed\":true,\"version\":\"3.14.1\",\"resolution\":\"/Users/qitengzhanye/Library/Mobile Documents/com~apple~CloudDocs/todo-programming/learning/materials-based/shogo-log/tyukyu-ex/functions/node_modules/firebase-functions/lib/index.js\"}}"}}
[debug] [2021-06-22T13:04:36.113Z] [runtime-status] [2344] Resolved module firebase-functions {"declared":true,"installed":true,"version":"3.14.1","resolution":"/Users/qitengzhanye/Library/Mobile Documents/com~apple~CloudDocs/todo-programming/learning/materials-based/shogo-log/tyukyu-ex/functions/node_modules/firebase-functions/lib/index.js"} {"metadata":{"emulator":{"name":"functions"},"message":"[runtime-status] [2344] Resolved module firebase-functions {\"declared\":true,\"installed\":true,\"version\":\"3.14.1\",\"resolution\":\"/Users/qitengzhanye/Library/Mobile Documents/com~apple~CloudDocs/todo-programming/learning/materials-based/shogo-log/tyukyu-ex/functions/node_modules/firebase-functions/lib/index.js\"}"}}
[debug] [2021-06-22T13:04:36.114Z] [runtime-status] [2344] Resolved module firebase-admin {"declared":true,"installed":true,"version":"9.9.0","resolution":"/Users/qitengzhanye/Library/Mobile Documents/com~apple~CloudDocs/todo-programming/learning/materials-based/shogo-log/tyukyu-ex/functions/node_modules/firebase-admin/lib/index.js"} {"metadata":{"emulator":{"name":"functions"},"message":"[runtime-status] [2344] Resolved module firebase-admin {\"declared\":true,\"installed\":true,\"version\":\"9.9.0\",\"resolution\":\"/Users/qitengzhanye/Library/Mobile Documents/com~apple~CloudDocs/todo-programming/learning/materials-based/shogo-log/tyukyu-ex/functions/node_modules/firebase-admin/lib/index.js\"}"}}
[debug] [2021-06-22T13:04:36.114Z] [runtime-status] [2344] Resolved module firebase-functions {"declared":true,"installed":true,"version":"3.14.1","resolution":"/Users/qitengzhanye/Library/Mobile Documents/com~apple~CloudDocs/todo-programming/learning/materials-based/shogo-log/tyukyu-ex/functions/node_modules/firebase-functions/lib/index.js"} {"metadata":{"emulator":{"name":"functions"},"message":"[runtime-status] [2344] Resolved module firebase-functions {\"declared\":true,\"installed\":true,\"version\":\"3.14.1\",\"resolution\":\"/Users/qitengzhanye/Library/Mobile Documents/com~apple~CloudDocs/todo-programming/learning/materials-based/shogo-log/tyukyu-ex/functions/node_modules/firebase-functions/lib/index.js\"}"}}
[debug] [2021-06-22T13:04:36.114Z] [runtime-status] [2344] firebase-admin has been stubbed. {"adminResolution":{"declared":true,"installed":true,"version":"9.9.0","resolution":"/Users/qitengzhanye/Library/Mobile Documents/com~apple~CloudDocs/todo-programming/learning/materials-based/shogo-log/tyukyu-ex/functions/node_modules/firebase-admin/lib/index.js"}} {"metadata":{"emulator":{"name":"functions"},"message":"[runtime-status] [2344] firebase-admin has been stubbed. {\"adminResolution\":{\"declared\":true,\"installed\":true,\"version\":\"9.9.0\",\"resolution\":\"/Users/qitengzhanye/Library/Mobile Documents/com~apple~CloudDocs/todo-programming/learning/materials-based/shogo-log/tyukyu-ex/functions/node_modules/firebase-admin/lib/index.js\"}}"}}
[info] ✔  functions[us-central1-app]: http function initialized (http://localhost:5001/tyukyu-ex/us-central1/app). {"metadata":{"emulator":{"name":"functions"},"message":"\u001b[1mhttp\u001b[22m function initialized (http://localhost:5001/tyukyu-ex/us-central1/app)."}}
[info] 
┌─────────────────────────────────────────────────────────────┐
│ ✔  All emulators ready! It is now safe to connect your app. │
│ i  View Emulator UI at http://localhost:4000                │
└─────────────────────────────────────────────────────────────┘

┌───────────┬────────────────┬─────────────────────────────────┐
│ Emulator  │ Host:Port      │ View in Emulator UI             │
├───────────┼────────────────┼─────────────────────────────────┤
│ Functions │ localhost:5001 │ http://localhost:4000/functions │
├───────────┼────────────────┼─────────────────────────────────┤
│ Hosting   │ localhost:5000 │ n/a                             │
└───────────┴────────────────┴─────────────────────────────────┘
  Emulator Hub running at localhost:4400
  Other reserved ports: 4500

Issues? Report them at https://github.com/firebase/firebase-tools/issues and attach the *-debug.log files.
 
[debug] [2021-06-22T13:04:36.244Z] [worker-~diagnostic~-4a2321f2-ebb3-4c0a-ade7-2c4392e935ff]: IDLE {"metadata":{"emulator":{"name":"functions"},"message":"[worker-~diagnostic~-4a2321f2-ebb3-4c0a-ade7-2c4392e935ff]: IDLE"}}
[debug] [2021-06-22T13:05:08.901Z] [work-queue] {"queueLength":1,"workRunningCount":0}
[debug] [2021-06-22T13:05:08.901Z] [work-queue] {"queueLength":0,"workRunningCount":1}
[debug] [2021-06-22T13:05:08.902Z] Accepted request GET /tyukyu-ex/us-central1/app --> us-central1-app
[debug] [2021-06-22T13:05:08.911Z] [worker-pool] addWorker(us-central1-app) {"metadata":{"emulator":{"name":"functions"},"message":"[worker-pool] addWorker(us-central1-app)"}}
[debug] [2021-06-22T13:05:08.912Z] [worker-pool] Adding worker with key us-central1-app, total=1 {"metadata":{"emulator":{"name":"functions"},"message":"[worker-pool] Adding worker with key us-central1-app, total=1"}}
[debug] [2021-06-22T13:05:08.912Z] [worker-pool] submitWork(triggerId=us-central1-app) {"metadata":{"emulator":{"name":"functions"},"message":"[worker-pool] submitWork(triggerId=us-central1-app)"}}
[debug] [2021-06-22T13:05:08.913Z] [worker-us-central1-app-4f04ee05-00b3-4097-9642-96a824a330ff]: Assigning socketPath: /var/folders/nm/j922k5_x6tv9z7b8735tqcmw0000gn/T/fire_emu_2380.sock {"metadata":{"emulator":{"name":"functions"},"message":"[worker-us-central1-app-4f04ee05-00b3-4097-9642-96a824a330ff]: Assigning socketPath: /var/folders/nm/j922k5_x6tv9z7b8735tqcmw0000gn/T/fire_emu_2380.sock"}}
[debug] [2021-06-22T13:05:08.913Z] [worker-us-central1-app-4f04ee05-00b3-4097-9642-96a824a330ff]: BUSY {"metadata":{"emulator":{"name":"functions"},"message":"[worker-us-central1-app-4f04ee05-00b3-4097-9642-96a824a330ff]: BUSY"}}
[debug] [2021-06-22T13:05:09.294Z] [runtime-status] [2380] Functions runtime initialized. {"cwd":"/Users/qitengzhanye/Library/Mobile Documents/com~apple~CloudDocs/todo-programming/learning/materials-based/shogo-log/tyukyu-ex/functions","node_version":"12.18.0"} {"metadata":{"emulator":{"name":"functions"},"function":{"name":"us-central1-app"},"message":"[runtime-status] [2380] Functions runtime initialized. {\"cwd\":\"/Users/qitengzhanye/Library/Mobile Documents/com~apple~CloudDocs/todo-programming/learning/materials-based/shogo-log/tyukyu-ex/functions\",\"node_version\":\"12.18.0\"}"}}
[debug] [2021-06-22T13:05:09.294Z] [runtime-status] [2380] Disabled runtime features: undefined {"metadata":{"emulator":{"name":"functions"},"function":{"name":"us-central1-app"},"message":"[runtime-status] [2380] Disabled runtime features: undefined"}}
[debug] [2021-06-22T13:05:09.301Z] [runtime-status] [2380] Resolved module firebase-admin {"declared":true,"installed":true,"version":"9.9.0","resolution":"/Users/qitengzhanye/Library/Mobile Documents/com~apple~CloudDocs/todo-programming/learning/materials-based/shogo-log/tyukyu-ex/functions/node_modules/firebase-admin/lib/index.js"} {"metadata":{"emulator":{"name":"functions"},"function":{"name":"us-central1-app"},"message":"[runtime-status] [2380] Resolved module firebase-admin {\"declared\":true,\"installed\":true,\"version\":\"9.9.0\",\"resolution\":\"/Users/qitengzhanye/Library/Mobile Documents/com~apple~CloudDocs/todo-programming/learning/materials-based/shogo-log/tyukyu-ex/functions/node_modules/firebase-admin/lib/index.js\"}"}}
[debug] [2021-06-22T13:05:09.310Z] [runtime-status] [2380] Resolved module firebase-functions {"declared":true,"installed":true,"version":"3.14.1","resolution":"/Users/qitengzhanye/Library/Mobile Documents/com~apple~CloudDocs/todo-programming/learning/materials-based/shogo-log/tyukyu-ex/functions/node_modules/firebase-functions/lib/index.js"} {"metadata":{"emulator":{"name":"functions"},"function":{"name":"us-central1-app"},"message":"[runtime-status] [2380] Resolved module firebase-functions {\"declared\":true,\"installed\":true,\"version\":\"3.14.1\",\"resolution\":\"/Users/qitengzhanye/Library/Mobile Documents/com~apple~CloudDocs/todo-programming/learning/materials-based/shogo-log/tyukyu-ex/functions/node_modules/firebase-functions/lib/index.js\"}"}}
[debug] [2021-06-22T13:05:09.311Z] [runtime-status] [2380] Resolved module firebase-functions {"declared":true,"installed":true,"version":"3.14.1","resolution":"/Users/qitengzhanye/Library/Mobile Documents/com~apple~CloudDocs/todo-programming/learning/materials-based/shogo-log/tyukyu-ex/functions/node_modules/firebase-functions/lib/index.js"} {"metadata":{"emulator":{"name":"functions"},"function":{"name":"us-central1-app"},"message":"[runtime-status] [2380] Resolved module firebase-functions {\"declared\":true,\"installed\":true,\"version\":\"3.14.1\",\"resolution\":\"/Users/qitengzhanye/Library/Mobile Documents/com~apple~CloudDocs/todo-programming/learning/materials-based/shogo-log/tyukyu-ex/functions/node_modules/firebase-functions/lib/index.js\"}"}}
[debug] [2021-06-22T13:05:09.314Z] [runtime-status] [2380] Outgoing network have been stubbed. [{"name":"http","status":"mocked"},{"name":"http","status":"mocked"},{"name":"https","status":"mocked"},{"name":"https","status":"mocked"},{"name":"net","status":"mocked"}] {"metadata":{"emulator":{"name":"functions"},"function":{"name":"us-central1-app"},"message":"[runtime-status] [2380] Outgoing network have been stubbed. [{\"name\":\"http\",\"status\":\"mocked\"},{\"name\":\"http\",\"status\":\"mocked\"},{\"name\":\"https\",\"status\":\"mocked\"},{\"name\":\"https\",\"status\":\"mocked\"},{\"name\":\"net\",\"status\":\"mocked\"}]"}}
[debug] [2021-06-22T13:05:09.314Z] [runtime-status] [2380] Resolved module firebase-functions {"declared":true,"installed":true,"version":"3.14.1","resolution":"/Users/qitengzhanye/Library/Mobile Documents/com~apple~CloudDocs/todo-programming/learning/materials-based/shogo-log/tyukyu-ex/functions/node_modules/firebase-functions/lib/index.js"} {"metadata":{"emulator":{"name":"functions"},"function":{"name":"us-central1-app"},"message":"[runtime-status] [2380] Resolved module firebase-functions {\"declared\":true,\"installed\":true,\"version\":\"3.14.1\",\"resolution\":\"/Users/qitengzhanye/Library/Mobile Documents/com~apple~CloudDocs/todo-programming/learning/materials-based/shogo-log/tyukyu-ex/functions/node_modules/firebase-functions/lib/index.js\"}"}}
[debug] [2021-06-22T13:05:09.431Z] [runtime-status] [2380] Checked functions.config() {"config":{}} {"metadata":{"emulator":{"name":"functions"},"function":{"name":"us-central1-app"},"message":"[runtime-status] [2380] Checked functions.config() {\"config\":{}}"}}
[debug] [2021-06-22T13:05:09.432Z] [runtime-status] [2380] firebase-functions has been stubbed. {"functionsResolution":{"declared":true,"installed":true,"version":"3.14.1","resolution":"/Users/qitengzhanye/Library/Mobile Documents/com~apple~CloudDocs/todo-programming/learning/materials-based/shogo-log/tyukyu-ex/functions/node_modules/firebase-functions/lib/index.js"}} {"metadata":{"emulator":{"name":"functions"},"function":{"name":"us-central1-app"},"message":"[runtime-status] [2380] firebase-functions has been stubbed. {\"functionsResolution\":{\"declared\":true,\"installed\":true,\"version\":\"3.14.1\",\"resolution\":\"/Users/qitengzhanye/Library/Mobile Documents/com~apple~CloudDocs/todo-programming/learning/materials-based/shogo-log/tyukyu-ex/functions/node_modules/firebase-functions/lib/index.js\"}}"}}
[debug] [2021-06-22T13:05:09.432Z] [runtime-status] [2380] Resolved module firebase-functions {"declared":true,"installed":true,"version":"3.14.1","resolution":"/Users/qitengzhanye/Library/Mobile Documents/com~apple~CloudDocs/todo-programming/learning/materials-based/shogo-log/tyukyu-ex/functions/node_modules/firebase-functions/lib/index.js"} {"metadata":{"emulator":{"name":"functions"},"function":{"name":"us-central1-app"},"message":"[runtime-status] [2380] Resolved module firebase-functions {\"declared\":true,\"installed\":true,\"version\":\"3.14.1\",\"resolution\":\"/Users/qitengzhanye/Library/Mobile Documents/com~apple~CloudDocs/todo-programming/learning/materials-based/shogo-log/tyukyu-ex/functions/node_modules/firebase-functions/lib/index.js\"}"}}
[debug] [2021-06-22T13:05:09.433Z] [runtime-status] [2380] Resolved module firebase-admin {"declared":true,"installed":true,"version":"9.9.0","resolution":"/Users/qitengzhanye/Library/Mobile Documents/com~apple~CloudDocs/todo-programming/learning/materials-based/shogo-log/tyukyu-ex/functions/node_modules/firebase-admin/lib/index.js"} {"metadata":{"emulator":{"name":"functions"},"function":{"name":"us-central1-app"},"message":"[runtime-status] [2380] Resolved module firebase-admin {\"declared\":true,\"installed\":true,\"version\":\"9.9.0\",\"resolution\":\"/Users/qitengzhanye/Library/Mobile Documents/com~apple~CloudDocs/todo-programming/learning/materials-based/shogo-log/tyukyu-ex/functions/node_modules/firebase-admin/lib/index.js\"}"}}
[debug] [2021-06-22T13:05:09.434Z] [runtime-status] [2380] Resolved module firebase-functions {"declared":true,"installed":true,"version":"3.14.1","resolution":"/Users/qitengzhanye/Library/Mobile Documents/com~apple~CloudDocs/todo-programming/learning/materials-based/shogo-log/tyukyu-ex/functions/node_modules/firebase-functions/lib/index.js"} {"metadata":{"emulator":{"name":"functions"},"function":{"name":"us-central1-app"},"message":"[runtime-status] [2380] Resolved module firebase-functions {\"declared\":true,\"installed\":true,\"version\":\"3.14.1\",\"resolution\":\"/Users/qitengzhanye/Library/Mobile Documents/com~apple~CloudDocs/todo-programming/learning/materials-based/shogo-log/tyukyu-ex/functions/node_modules/firebase-functions/lib/index.js\"}"}}
[debug] [2021-06-22T13:05:09.434Z] [runtime-status] [2380] firebase-admin has been stubbed. {"adminResolution":{"declared":true,"installed":true,"version":"9.9.0","resolution":"/Users/qitengzhanye/Library/Mobile Documents/com~apple~CloudDocs/todo-programming/learning/materials-based/shogo-log/tyukyu-ex/functions/node_modules/firebase-admin/lib/index.js"}} {"metadata":{"emulator":{"name":"functions"},"function":{"name":"us-central1-app"},"message":"[runtime-status] [2380] firebase-admin has been stubbed. {\"adminResolution\":{\"declared\":true,\"installed\":true,\"version\":\"9.9.0\",\"resolution\":\"/Users/qitengzhanye/Library/Mobile Documents/com~apple~CloudDocs/todo-programming/learning/materials-based/shogo-log/tyukyu-ex/functions/node_modules/firebase-admin/lib/index.js\"}}"}}
[debug] [2021-06-22T13:05:09.668Z] [runtime-status] [2380] Trigger "us-central1-app" has been found, beginning invocation! {"metadata":{"emulator":{"name":"functions"},"function":{"name":"us-central1-app"},"message":"[runtime-status] [2380] Trigger \"us-central1-app\" has been found, beginning invocation!"}}
[info] i  functions: Beginning execution of "us-central1-app" {"metadata":{"emulator":{"name":"functions"},"function":{"name":"us-central1-app"},"message":"Beginning execution of \"us-central1-app\""}}
[debug] [2021-06-22T13:05:09.669Z] [runtime-status] [2380] triggerDefinition {"httpsTrigger":{},"name":"app","entryPoint":"app","regions":["us-central1"],"region":"us-central1","id":"us-central1-app"} {"metadata":{"emulator":{"name":"functions"},"function":{"name":"us-central1-app"},"message":"[runtime-status] [2380] triggerDefinition {\"httpsTrigger\":{},\"name\":\"app\",\"entryPoint\":\"app\",\"regions\":[\"us-central1\"],\"region\":\"us-central1\",\"id\":\"us-central1-app\"}"}}
[debug] [2021-06-22T13:05:09.669Z] [runtime-status] [2380] Running us-central1-app in mode HTTPS {"metadata":{"emulator":{"name":"functions"},"function":{"name":"us-central1-app"},"message":"[runtime-status] [2380] Running us-central1-app in mode HTTPS"}}
[debug] [2021-06-22T13:05:09.675Z] [runtime-status] [2380] Attempting to listen to socketPath: /var/folders/nm/j922k5_x6tv9z7b8735tqcmw0000gn/T/fire_emu_2380.sock {"metadata":{"emulator":{"name":"functions"},"function":{"name":"us-central1-app"},"message":"[runtime-status] [2380] Attempting to listen to socketPath: /var/folders/nm/j922k5_x6tv9z7b8735tqcmw0000gn/T/fire_emu_2380.sock"}}
[debug] [2021-06-22T13:05:09.680Z] [functions] Runtime ready! Sending request! {"metadata":{"emulator":{"name":"functions"},"message":"[functions] Runtime ready! Sending request!"}}
[debug] [2021-06-22T13:05:09.681Z] [functions] Got req.url=/tyukyu-ex/us-central1/app, mapping to path=/ {"metadata":{"emulator":{"name":"functions"},"message":"[functions] Got req.url=/tyukyu-ex/us-central1/app, mapping to path=/"}}
[debug] [2021-06-22T13:05:09.688Z] [runtime-status] [2380] Ephemeral server handling GET request {"metadata":{"emulator":{"name":"functions"},"function":{"name":"us-central1-app"},"message":"[runtime-status] [2380] Ephemeral server handling GET request"}}
[debug] [2021-06-22T13:05:09.694Z] [runtime-status] [2380] Ephemeral server survived. {"metadata":{"emulator":{"name":"functions"},"function":{"name":"us-central1-app"},"message":"[runtime-status] [2380] Ephemeral server survived."}}
[info] i  functions: Finished "us-central1-app" in ~1s {"metadata":{"emulator":{"name":"functions"},"function":{"name":"us-central1-app"},"message":"Finished \"us-central1-app\" in ~1s"}}
[debug] [2021-06-22T13:05:09.698Z] [worker-us-central1-app-4f04ee05-00b3-4097-9642-96a824a330ff]: IDLE {"metadata":{"emulator":{"name":"functions"},"message":"[worker-us-central1-app-4f04ee05-00b3-4097-9642-96a824a330ff]: IDLE"}}
[debug] [2021-06-22T13:05:09.698Z] [work-queue] {"queueLength":0,"workRunningCount":0}
[debug] [2021-06-22T13:05:15.852Z] [work-queue] {"queueLength":1,"workRunningCount":0}
[debug] [2021-06-22T13:05:15.852Z] [work-queue] {"queueLength":0,"workRunningCount":1}
[debug] [2021-06-22T13:05:15.853Z] Accepted request GET /tyukyu-ex/us-central1/app --> us-central1-app
[debug] [2021-06-22T13:05:15.853Z] [worker-pool] submitWork(triggerId=us-central1-app) {"metadata":{"emulator":{"name":"functions"},"message":"[worker-pool] submitWork(triggerId=us-central1-app)"}}
[debug] [2021-06-22T13:05:15.853Z] [worker-us-central1-app-4f04ee05-00b3-4097-9642-96a824a330ff]: Assigning socketPath: /var/folders/nm/j922k5_x6tv9z7b8735tqcmw0000gn/T/fire_emu_2380.sock {"metadata":{"emulator":{"name":"functions"},"message":"[worker-us-central1-app-4f04ee05-00b3-4097-9642-96a824a330ff]: Assigning socketPath: /var/folders/nm/j922k5_x6tv9z7b8735tqcmw0000gn/T/fire_emu_2380.sock"}}
[debug] [2021-06-22T13:05:15.853Z] [worker-us-central1-app-4f04ee05-00b3-4097-9642-96a824a330ff]: BUSY {"metadata":{"emulator":{"name":"functions"},"message":"[worker-us-central1-app-4f04ee05-00b3-4097-9642-96a824a330ff]: BUSY"}}
[debug] [2021-06-22T13:05:15.854Z] [runtime-status] [2380] Trigger "us-central1-app" has been found, beginning invocation! {"metadata":{"emulator":{"name":"functions"},"function":{"name":"us-central1-app"},"message":"[runtime-status] [2380] Trigger \"us-central1-app\" has been found, beginning invocation!"}}
[info] i  functions: Beginning execution of "us-central1-app" {"metadata":{"emulator":{"name":"functions"},"function":{"name":"us-central1-app"},"message":"Beginning execution of \"us-central1-app\""}}
[debug] [2021-06-22T13:05:15.854Z] [runtime-status] [2380] triggerDefinition {"httpsTrigger":{},"name":"app","entryPoint":"app","regions":["us-central1"],"region":"us-central1","id":"us-central1-app"} {"metadata":{"emulator":{"name":"functions"},"function":{"name":"us-central1-app"},"message":"[runtime-status] [2380] triggerDefinition {\"httpsTrigger\":{},\"name\":\"app\",\"entryPoint\":\"app\",\"regions\":[\"us-central1\"],\"region\":\"us-central1\",\"id\":\"us-central1-app\"}"}}
[debug] [2021-06-22T13:05:15.855Z] [runtime-status] [2380] Running us-central1-app in mode HTTPS {"metadata":{"emulator":{"name":"functions"},"function":{"name":"us-central1-app"},"message":"[runtime-status] [2380] Running us-central1-app in mode HTTPS"}}
[debug] [2021-06-22T13:05:15.855Z] [runtime-status] [2380] Attempting to listen to socketPath: /var/folders/nm/j922k5_x6tv9z7b8735tqcmw0000gn/T/fire_emu_2380.sock {"metadata":{"emulator":{"name":"functions"},"function":{"name":"us-central1-app"},"message":"[runtime-status] [2380] Attempting to listen to socketPath: /var/folders/nm/j922k5_x6tv9z7b8735tqcmw0000gn/T/fire_emu_2380.sock"}}
[debug] [2021-06-22T13:05:15.856Z] [functions] Runtime ready! Sending request! {"metadata":{"emulator":{"name":"functions"},"message":"[functions] Runtime ready! Sending request!"}}
[debug] [2021-06-22T13:05:15.857Z] [functions] Got req.url=/tyukyu-ex/us-central1/app, mapping to path=/ {"metadata":{"emulator":{"name":"functions"},"message":"[functions] Got req.url=/tyukyu-ex/us-central1/app, mapping to path=/"}}
[debug] [2021-06-22T13:05:15.860Z] [runtime-status] [2380] Ephemeral server handling GET request {"metadata":{"emulator":{"name":"functions"},"function":{"name":"us-central1-app"},"message":"[runtime-status] [2380] Ephemeral server handling GET request"}}
[debug] [2021-06-22T13:05:15.862Z] [runtime-status] [2380] Ephemeral server survived. {"metadata":{"emulator":{"name":"functions"},"function":{"name":"us-central1-app"},"message":"[runtime-status] [2380] Ephemeral server survived."}}
[info] i  functions: Finished "us-central1-app" in ~1s {"metadata":{"emulator":{"name":"functions"},"function":{"name":"us-central1-app"},"message":"Finished \"us-central1-app\" in ~1s"}}
[debug] [2021-06-22T13:05:15.868Z] [worker-us-central1-app-4f04ee05-00b3-4097-9642-96a824a330ff]: IDLE {"metadata":{"emulator":{"name":"functions"},"message":"[worker-us-central1-app-4f04ee05-00b3-4097-9642-96a824a330ff]: IDLE"}}
[debug] [2021-06-22T13:05:15.869Z] [work-queue] {"queueLength":0,"workRunningCount":0}
[debug] [2021-06-22T13:05:24.949Z] [work-queue] {"queueLength":1,"workRunningCount":0}
[debug] [2021-06-22T13:05:24.950Z] [work-queue] {"queueLength":0,"workRunningCount":1}
[debug] [2021-06-22T13:05:24.953Z] [work-queue] {"queueLength":0,"workRunningCount":0}
